<?xml version="1.0" encoding="UTF-8"?>
<testsuite xmlns:xsi="http://www.w3.org/2001/XMLSchema-instance" xsi:noNamespaceSchemaLocation="https://maven.apache.org/surefire/maven-surefire-plugin/xsd/surefire-test-report.xsd" name="com.mycompany.app.AppTest" time="0.053" tests="1" errors="0" skipped="0" failures="0">
  <properties>
    <property name="gopherProxySet" value="false"/>
    <property name="awt.toolkit" value="sun.lwawt.macosx.LWCToolkit"/>
    <property name="file.encoding.pkg" value="sun.io"/>
    <property name="java.specification.version" value="1.8"/>
    <property name="sun.cpu.isalist" value=""/>
    <property name="sun.jnu.encoding" value="UTF-8"/>
    <property name="java.class.path" value="/Users/jaoks/Desktop/my-app/target/test-classes:/Users/jaoks/Desktop/my-app/target/classes:/Users/jaoks/.m2/repository/junit/junit/4.11/junit-4.11.jar:/Users/jaoks/.m2/repository/org/hamcrest/hamcrest-core/1.3/hamcrest-core-1.3.jar:/Users/jaoks/.m2/repository/com/google/cloud/google-cloud-translate/1.77.0/google-cloud-translate-1.77.0.jar:/Users/jaoks/.m2/repository/com/google/cloud/google-cloud-core/1.77.0/google-cloud-core-1.77.0.jar:/Users/jaoks/.m2/repository/com/google/guava/guava/27.1-android/guava-27.1-android.jar:/Users/jaoks/.m2/repository/com/google/guava/failureaccess/1.0.1/failureaccess-1.0.1.jar:/Users/jaoks/.m2/repository/com/google/guava/listenablefuture/9999.0-empty-to-avoid-conflict-with-guava/listenablefuture-9999.0-empty-to-avoid-conflict-with-guava.jar:/Users/jaoks/.m2/repository/org/checkerframework/checker-compat-qual/2.5.2/checker-compat-qual-2.5.2.jar:/Users/jaoks/.m2/repository/com/google/errorprone/error_prone_annotations/2.2.0/error_prone_annotations-2.2.0.jar:/Users/jaoks/.m2/repository/com/google/j2objc/j2objc-annotations/1.1/j2objc-annotations-1.1.jar:/Users/jaoks/.m2/repository/org/codehaus/mojo/animal-sniffer-annotations/1.17/animal-sniffer-annotations-1.17.jar:/Users/jaoks/.m2/repository/com/google/http-client/google-http-client/1.29.2/google-http-client-1.29.2.jar:/Users/jaoks/.m2/repository/org/apache/httpcomponents/httpclient/4.5.5/httpclient-4.5.5.jar:/Users/jaoks/.m2/repository/org/apache/httpcomponents/httpcore/4.4.9/httpcore-4.4.9.jar:/Users/jaoks/.m2/repository/commons-logging/commons-logging/1.2/commons-logging-1.2.jar:/Users/jaoks/.m2/repository/commons-codec/commons-codec/1.10/commons-codec-1.10.jar:/Users/jaoks/.m2/repository/com/google/code/findbugs/jsr305/3.0.2/jsr305-3.0.2.jar:/Users/jaoks/.m2/repository/com/google/api/api-common/1.8.1/api-common-1.8.1.jar:/Users/jaoks/.m2/repository/com/google/api/gax/1.45.0/gax-1.45.0.jar:/Users/jaoks/.m2/repository/org/threeten/threetenbp/1.3.3/threetenbp-1.3.3.jar:/Users/jaoks/.m2/repository/com/google/protobuf/protobuf-java-util/3.7.1/protobuf-java-util-3.7.1.jar:/Users/jaoks/.m2/repository/com/google/code/gson/gson/2.7/gson-2.7.jar:/Users/jaoks/.m2/repository/com/google/api/grpc/proto-google-common-protos/1.16.0/proto-google-common-protos-1.16.0.jar:/Users/jaoks/.m2/repository/com/google/api/grpc/proto-google-iam-v1/0.12.0/proto-google-iam-v1-0.12.0.jar:/Users/jaoks/.m2/repository/com/google/cloud/google-cloud-core-http/1.77.0/google-cloud-core-http-1.77.0.jar:/Users/jaoks/.m2/repository/com/google/auth/google-auth-library-credentials/0.15.0/google-auth-library-credentials-0.15.0.jar:/Users/jaoks/.m2/repository/com/google/auth/google-auth-library-oauth2-http/0.15.0/google-auth-library-oauth2-http-0.15.0.jar:/Users/jaoks/.m2/repository/com/google/http-client/google-http-client-jackson2/1.29.0/google-http-client-jackson2-1.29.0.jar:/Users/jaoks/.m2/repository/com/fasterxml/jackson/core/jackson-core/2.9.6/jackson-core-2.9.6.jar:/Users/jaoks/.m2/repository/com/google/api-client/google-api-client/1.29.2/google-api-client-1.29.2.jar:/Users/jaoks/.m2/repository/com/google/oauth-client/google-oauth-client/1.29.2/google-oauth-client-1.29.2.jar:/Users/jaoks/.m2/repository/com/google/http-client/google-http-client-appengine/1.29.2/google-http-client-appengine-1.29.2.jar:/Users/jaoks/.m2/repository/com/google/api/gax-httpjson/0.62.0/gax-httpjson-0.62.0.jar:/Users/jaoks/.m2/repository/io/opencensus/opencensus-api/0.21.0/opencensus-api-0.21.0.jar:/Users/jaoks/.m2/repository/io/opencensus/opencensus-contrib-http-util/0.21.0/opencensus-contrib-http-util-0.21.0.jar:/Users/jaoks/.m2/repository/com/google/cloud/google-cloud-core-grpc/1.77.0/google-cloud-core-grpc-1.77.0.jar:/Users/jaoks/.m2/repository/com/google/protobuf/protobuf-java/3.7.1/protobuf-java-3.7.1.jar:/Users/jaoks/.m2/repository/io/grpc/grpc-protobuf/1.21.0/grpc-protobuf-1.21.0.jar:/Users/jaoks/.m2/repository/io/grpc/grpc-protobuf-lite/1.21.0/grpc-protobuf-lite-1.21.0.jar:/Users/jaoks/.m2/repository/io/grpc/grpc-context/1.21.0/grpc-context-1.21.0.jar:/Users/jaoks/.m2/repository/com/google/api/gax-grpc/1.45.0/gax-grpc-1.45.0.jar:/Users/jaoks/.m2/repository/io/grpc/grpc-alts/1.21.0/grpc-alts-1.21.0.jar:/Users/jaoks/.m2/repository/io/grpc/grpc-grpclb/1.21.0/grpc-grpclb-1.21.0.jar:/Users/jaoks/.m2/repository/org/apache/commons/commons-lang3/3.5/commons-lang3-3.5.jar:/Users/jaoks/.m2/repository/com/google/apis/google-api-services-translate/v2-rev20170525-1.28.0/google-api-services-translate-v2-rev20170525-1.28.0.jar:/Users/jaoks/.m2/repository/com/google/api/grpc/proto-google-cloud-translate-v3beta1/0.60.0/proto-google-cloud-translate-v3beta1-0.60.0.jar:/Users/jaoks/.m2/repository/io/grpc/grpc-netty-shaded/1.21.0/grpc-netty-shaded-1.21.0.jar:/Users/jaoks/.m2/repository/io/grpc/grpc-core/1.21.0/grpc-core-1.21.0.jar:/Users/jaoks/.m2/repository/com/google/android/annotations/4.1.1.4/annotations-4.1.1.4.jar:/Users/jaoks/.m2/repository/io/opencensus/opencensus-contrib-grpc-metrics/0.21.0/opencensus-contrib-grpc-metrics-0.21.0.jar:/Users/jaoks/.m2/repository/io/grpc/grpc-stub/1.21.0/grpc-stub-1.21.0.jar:/Users/jaoks/.m2/repository/io/grpc/grpc-api/1.21.0/grpc-api-1.21.0.jar:/Users/jaoks/.m2/repository/io/grpc/grpc-auth/1.21.0/grpc-auth-1.21.0.jar:/Users/jaoks/.m2/repository/javax/annotation/javax.annotation-api/1.3.2/javax.annotation-api-1.3.2.jar:"/>
    <property name="java.vm.vendor" value="Oracle Corporation"/>
    <property name="sun.arch.data.model" value="64"/>
    <property name="java.vendor.url" value="http://java.oracle.com/"/>
    <property name="user.timezone" value=""/>
    <property name="java.vm.specification.version" value="1.8"/>
    <property name="os.name" value="Mac OS X"/>
    <property name="user.country" value="US"/>
    <property name="sun.java.launcher" value="SUN_STANDARD"/>
    <property name="sun.boot.library.path" value="/Library/Java/JavaVirtualMachines/jdk1.8.0_211.jdk/Contents/Home/jre/lib"/>
    <property name="sun.java.command" value="/Users/jaoks/Desktop/my-app/target/surefire/surefirebooter640884822469863994.jar /Users/jaoks/Desktop/my-app/target/surefire 2019-06-16T21-47-27_707-jvmRun1 surefire7327700214723437209tmp surefire_08741679925938928291tmp"/>
    <property name="http.nonProxyHosts" value="local|*.local|169.254/16|*.169.254/16"/>
    <property name="surefire.test.class.path" value="/Users/jaoks/Desktop/my-app/target/test-classes:/Users/jaoks/Desktop/my-app/target/classes:/Users/jaoks/.m2/repository/junit/junit/4.11/junit-4.11.jar:/Users/jaoks/.m2/repository/org/hamcrest/hamcrest-core/1.3/hamcrest-core-1.3.jar:/Users/jaoks/.m2/repository/com/google/cloud/google-cloud-translate/1.77.0/google-cloud-translate-1.77.0.jar:/Users/jaoks/.m2/repository/com/google/cloud/google-cloud-core/1.77.0/google-cloud-core-1.77.0.jar:/Users/jaoks/.m2/repository/com/google/guava/guava/27.1-android/guava-27.1-android.jar:/Users/jaoks/.m2/repository/com/google/guava/failureaccess/1.0.1/failureaccess-1.0.1.jar:/Users/jaoks/.m2/repository/com/google/guava/listenablefuture/9999.0-empty-to-avoid-conflict-with-guava/listenablefuture-9999.0-empty-to-avoid-conflict-with-guava.jar:/Users/jaoks/.m2/repository/org/checkerframework/checker-compat-qual/2.5.2/checker-compat-qual-2.5.2.jar:/Users/jaoks/.m2/repository/com/google/errorprone/error_prone_annotations/2.2.0/error_prone_annotations-2.2.0.jar:/Users/jaoks/.m2/repository/com/google/j2objc/j2objc-annotations/1.1/j2objc-annotations-1.1.jar:/Users/jaoks/.m2/repository/org/codehaus/mojo/animal-sniffer-annotations/1.17/animal-sniffer-annotations-1.17.jar:/Users/jaoks/.m2/repository/com/google/http-client/google-http-client/1.29.2/google-http-client-1.29.2.jar:/Users/jaoks/.m2/repository/org/apache/httpcomponents/httpclient/4.5.5/httpclient-4.5.5.jar:/Users/jaoks/.m2/repository/org/apache/httpcomponents/httpcore/4.4.9/httpcore-4.4.9.jar:/Users/jaoks/.m2/repository/commons-logging/commons-logging/1.2/commons-logging-1.2.jar:/Users/jaoks/.m2/repository/commons-codec/commons-codec/1.10/commons-codec-1.10.jar:/Users/jaoks/.m2/repository/com/google/code/findbugs/jsr305/3.0.2/jsr305-3.0.2.jar:/Users/jaoks/.m2/repository/com/google/api/api-common/1.8.1/api-common-1.8.1.jar:/Users/jaoks/.m2/repository/com/google/api/gax/1.45.0/gax-1.45.0.jar:/Users/jaoks/.m2/repository/org/threeten/threetenbp/1.3.3/threetenbp-1.3.3.jar:/Users/jaoks/.m2/repository/com/google/protobuf/protobuf-java-util/3.7.1/protobuf-java-util-3.7.1.jar:/Users/jaoks/.m2/repository/com/google/code/gson/gson/2.7/gson-2.7.jar:/Users/jaoks/.m2/repository/com/google/api/grpc/proto-google-common-protos/1.16.0/proto-google-common-protos-1.16.0.jar:/Users/jaoks/.m2/repository/com/google/api/grpc/proto-google-iam-v1/0.12.0/proto-google-iam-v1-0.12.0.jar:/Users/jaoks/.m2/repository/com/google/cloud/google-cloud-core-http/1.77.0/google-cloud-core-http-1.77.0.jar:/Users/jaoks/.m2/repository/com/google/auth/google-auth-library-credentials/0.15.0/google-auth-library-credentials-0.15.0.jar:/Users/jaoks/.m2/repository/com/google/auth/google-auth-library-oauth2-http/0.15.0/google-auth-library-oauth2-http-0.15.0.jar:/Users/jaoks/.m2/repository/com/google/http-client/google-http-client-jackson2/1.29.0/google-http-client-jackson2-1.29.0.jar:/Users/jaoks/.m2/repository/com/fasterxml/jackson/core/jackson-core/2.9.6/jackson-core-2.9.6.jar:/Users/jaoks/.m2/repository/com/google/api-client/google-api-client/1.29.2/google-api-client-1.29.2.jar:/Users/jaoks/.m2/repository/com/google/oauth-client/google-oauth-client/1.29.2/google-oauth-client-1.29.2.jar:/Users/jaoks/.m2/repository/com/google/http-client/google-http-client-appengine/1.29.2/google-http-client-appengine-1.29.2.jar:/Users/jaoks/.m2/repository/com/google/api/gax-httpjson/0.62.0/gax-httpjson-0.62.0.jar:/Users/jaoks/.m2/repository/io/opencensus/opencensus-api/0.21.0/opencensus-api-0.21.0.jar:/Users/jaoks/.m2/repository/io/opencensus/opencensus-contrib-http-util/0.21.0/opencensus-contrib-http-util-0.21.0.jar:/Users/jaoks/.m2/repository/com/google/cloud/google-cloud-core-grpc/1.77.0/google-cloud-core-grpc-1.77.0.jar:/Users/jaoks/.m2/repository/com/google/protobuf/protobuf-java/3.7.1/protobuf-java-3.7.1.jar:/Users/jaoks/.m2/repository/io/grpc/grpc-protobuf/1.21.0/grpc-protobuf-1.21.0.jar:/Users/jaoks/.m2/repository/io/grpc/grpc-protobuf-lite/1.21.0/grpc-protobuf-lite-1.21.0.jar:/Users/jaoks/.m2/repository/io/grpc/grpc-context/1.21.0/grpc-context-1.21.0.jar:/Users/jaoks/.m2/repository/com/google/api/gax-grpc/1.45.0/gax-grpc-1.45.0.jar:/Users/jaoks/.m2/repository/io/grpc/grpc-alts/1.21.0/grpc-alts-1.21.0.jar:/Users/jaoks/.m2/repository/io/grpc/grpc-grpclb/1.21.0/grpc-grpclb-1.21.0.jar:/Users/jaoks/.m2/repository/org/apache/commons/commons-lang3/3.5/commons-lang3-3.5.jar:/Users/jaoks/.m2/repository/com/google/apis/google-api-services-translate/v2-rev20170525-1.28.0/google-api-services-translate-v2-rev20170525-1.28.0.jar:/Users/jaoks/.m2/repository/com/google/api/grpc/proto-google-cloud-translate-v3beta1/0.60.0/proto-google-cloud-translate-v3beta1-0.60.0.jar:/Users/jaoks/.m2/repository/io/grpc/grpc-netty-shaded/1.21.0/grpc-netty-shaded-1.21.0.jar:/Users/jaoks/.m2/repository/io/grpc/grpc-core/1.21.0/grpc-core-1.21.0.jar:/Users/jaoks/.m2/repository/com/google/android/annotations/4.1.1.4/annotations-4.1.1.4.jar:/Users/jaoks/.m2/repository/io/opencensus/opencensus-contrib-grpc-metrics/0.21.0/opencensus-contrib-grpc-metrics-0.21.0.jar:/Users/jaoks/.m2/repository/io/grpc/grpc-stub/1.21.0/grpc-stub-1.21.0.jar:/Users/jaoks/.m2/repository/io/grpc/grpc-api/1.21.0/grpc-api-1.21.0.jar:/Users/jaoks/.m2/repository/io/grpc/grpc-auth/1.21.0/grpc-auth-1.21.0.jar:/Users/jaoks/.m2/repository/javax/annotation/javax.annotation-api/1.3.2/javax.annotation-api-1.3.2.jar:"/>
    <property name="sun.cpu.endian" value="little"/>
    <property name="user.home" value="/Users/jaoks"/>
    <property name="user.language" value="en"/>
    <property name="java.specification.vendor" value="Oracle Corporation"/>
    <property name="java.home" value="/Library/Java/JavaVirtualMachines/jdk1.8.0_211.jdk/Contents/Home/jre"/>
    <property name="basedir" value="/Users/jaoks/Desktop/my-app"/>
    <property name="file.separator" value="/"/>
    <property name="line.separator" value="&#10;"/>
    <property name="java.vm.specification.vendor" value="Oracle Corporation"/>
    <property name="java.specification.name" value="Java Platform API Specification"/>
    <property name="java.awt.graphicsenv" value="sun.awt.CGraphicsEnvironment"/>
    <property name="surefire.real.class.path" value="/Users/jaoks/Desktop/my-app/target/surefire/surefirebooter640884822469863994.jar"/>
    <property name="sun.boot.class.path" value="/Library/Java/JavaVirtualMachines/jdk1.8.0_211.jdk/Contents/Home/jre/lib/resources.jar:/Library/Java/JavaVirtualMachines/jdk1.8.0_211.jdk/Contents/Home/jre/lib/rt.jar:/Library/Java/JavaVirtualMachines/jdk1.8.0_211.jdk/Contents/Home/jre/lib/sunrsasign.jar:/Library/Java/JavaVirtualMachines/jdk1.8.0_211.jdk/Contents/Home/jre/lib/jsse.jar:/Library/Java/JavaVirtualMachines/jdk1.8.0_211.jdk/Contents/Home/jre/lib/jce.jar:/Library/Java/JavaVirtualMachines/jdk1.8.0_211.jdk/Contents/Home/jre/lib/charsets.jar:/Library/Java/JavaVirtualMachines/jdk1.8.0_211.jdk/Contents/Home/jre/lib/jfr.jar:/Library/Java/JavaVirtualMachines/jdk1.8.0_211.jdk/Contents/Home/jre/classes"/>
    <property name="sun.management.compiler" value="HotSpot 64-Bit Tiered Compilers"/>
    <property name="ftp.nonProxyHosts" value="local|*.local|169.254/16|*.169.254/16"/>
    <property name="java.runtime.version" value="1.8.0_211-b12"/>
    <property name="user.name" value="jaoks"/>
    <property name="path.separator" value=":"/>
    <property name="os.version" value="10.14.5"/>
    <property name="java.endorsed.dirs" value="/Library/Java/JavaVirtualMachines/jdk1.8.0_211.jdk/Contents/Home/jre/lib/endorsed"/>
    <property name="java.runtime.name" value="Java(TM) SE Runtime Environment"/>
    <property name="file.encoding" value="UTF-8"/>
    <property name="java.vm.name" value="Java HotSpot(TM) 64-Bit Server VM"/>
    <property name="localRepository" value="/Users/jaoks/.m2/repository"/>
    <property name="java.vendor.url.bug" value="http://bugreport.sun.com/bugreport/"/>
    <property name="java.io.tmpdir" value="/var/folders/s5/44jvktdn77z6nplvmskydm0w0000gn/T/"/>
    <property name="java.version" value="1.8.0_211"/>
    <property name="user.dir" value="/Users/jaoks/Desktop/my-app"/>
    <property name="os.arch" value="x86_64"/>
    <property name="java.vm.specification.name" value="Java Virtual Machine Specification"/>
    <property name="java.awt.printerjob" value="sun.lwawt.macosx.CPrinterJob"/>
    <property name="sun.os.patch.level" value="unknown"/>
    <property name="java.library.path" value="/Users/jaoks/Library/Java/Extensions:/Library/Java/Extensions:/Network/Library/Java/Extensions:/System/Library/Java/Extensions:/usr/lib/java:."/>
    <property name="java.vm.info" value="mixed mode"/>
    <property name="java.vendor" value="Oracle Corporation"/>
    <property name="java.vm.version" value="25.211-b12"/>
    <property name="java.ext.dirs" value="/Users/jaoks/Library/Java/Extensions:/Library/Java/JavaVirtualMachines/jdk1.8.0_211.jdk/Contents/Home/jre/lib/ext:/Library/Java/Extensions:/Network/Library/Java/Extensions:/System/Library/Java/Extensions:/usr/lib/java"/>
    <property name="sun.io.unicode.encoding" value="UnicodeBig"/>
    <property name="java.class.version" value="52.0"/>
    <property name="socksNonProxyHosts" value="local|*.local|169.254/16|*.169.254/16"/>
  </properties>
  <testcase name="shouldAnswerWithTrue" classname="com.mycompany.app.AppTest" time="0.005"/>
</testsuite>